app/build/intermediates/manifest_merge_blame_file/debug/processDebugMainManifest/manifest-merger-blame-debug-report.txt
1<?xml version="1.0" encoding="utf-8"?>
2<manifest xmlns:android="http://schemas.android.com/apk/res/android"
3    package="com.omniscan.app"
4    android:versionCode="1"
5    android:versionName="1.0" >
6
7    <uses-sdk
8        android:minSdkVersion="30"
9        android:targetSdkVersion="34" />
10
11    <!-- ============ WLAN ============ -->
12    <uses-permission android:name="android.permission.ACCESS_WIFI_STATE" />
12-->src/main/AndroidManifest.xml:6:5-76
12-->src/main/AndroidManifest.xml:6:22-73
13    <uses-permission android:name="android.permission.CHANGE_WIFI_STATE" />
13-->src/main/AndroidManifest.xml:7:5-76
13-->src/main/AndroidManifest.xml:7:22-73
14    <!-- Android 13+ : Scannen ohne Standort -->
15    <uses-permission
15-->src/main/AndroidManifest.xml:9:5-11:38
16        android:name="android.permission.NEARBY_WIFI_DEVICES"
16-->src/main/AndroidManifest.xml:9:22-75
17        android:usesPermissionFlags="neverForLocation" />
17-->src/main/AndroidManifest.xml:10:9-55
18
19    <!-- ============ Standort (nötig für WLAN/BT-Scan < API33 + Zellen + GPS) ============ -->
20    <uses-permission android:name="android.permission.ACCESS_FINE_LOCATION" />
20-->src/main/AndroidManifest.xml:14:5-79
20-->src/main/AndroidManifest.xml:14:22-76
21    <uses-permission android:name="android.permission.ACCESS_COARSE_LOCATION" />
21-->src/main/AndroidManifest.xml:15:5-81
21-->src/main/AndroidManifest.xml:15:22-78
22
23    <!-- ============ Bluetooth ============ -->
24    <!-- Alt (<= Android 11) -->
25    <uses-permission
25-->src/main/AndroidManifest.xml:19:5-20:38
26        android:name="android.permission.BLUETOOTH"
26-->src/main/AndroidManifest.xml:19:22-65
27        android:maxSdkVersion="30" />
27-->src/main/AndroidManifest.xml:20:9-35
28    <uses-permission
28-->src/main/AndroidManifest.xml:21:5-22:38
29        android:name="android.permission.BLUETOOTH_ADMIN"
29-->src/main/AndroidManifest.xml:21:22-71
30        android:maxSdkVersion="30" />
30-->src/main/AndroidManifest.xml:22:9-35
31    <!-- Neu (Android 12+) -->
32    <uses-permission android:name="android.permission.BLUETOOTH_SCAN" />
32-->src/main/AndroidManifest.xml:24:5-25:31
32-->src/main/AndroidManifest.xml:24:22-70
33    <uses-permission android:name="android.permission.BLUETOOTH_CONNECT" />
33-->src/main/AndroidManifest.xml:26:5-27:31
33-->src/main/AndroidManifest.xml:26:22-73
34
35    <!-- ============ Mobilfunk ============ -->
36    <uses-permission android:name="android.permission.READ_PHONE_STATE" />
36-->src/main/AndroidManifest.xml:30:5-75
36-->src/main/AndroidManifest.xml:30:22-72
37
38    <!-- ============ NFC ============ -->
39    <uses-permission android:name="android.permission.NFC" />
39-->src/main/AndroidManifest.xml:33:5-62
39-->src/main/AndroidManifest.xml:33:22-59
40
41    <!-- Hardware als optional deklarieren, damit die App auf jedem Gerät installierbar bleibt -->
42    <uses-feature
42-->src/main/AndroidManifest.xml:36:5-82
43        android:name="android.hardware.nfc"
43-->src/main/AndroidManifest.xml:36:19-54
44        android:required="false" />
44-->src/main/AndroidManifest.xml:36:55-79
45    <uses-feature
45-->src/main/AndroidManifest.xml:37:5-91
46        android:name="android.hardware.bluetooth_le"
46-->src/main/AndroidManifest.xml:37:19-63
47        android:required="false" />
47-->src/main/AndroidManifest.xml:37:64-88
48    <uses-feature
48-->src/main/AndroidManifest.xml:38:5-83
49        android:name="android.hardware.wifi"
49-->src/main/AndroidManifest.xml:38:19-55
50        android:required="false" />
50-->src/main/AndroidManifest.xml:38:56-80
51    <uses-feature
51-->src/main/AndroidManifest.xml:39:5-87
52        android:name="android.hardware.usb.host"
52-->src/main/AndroidManifest.xml:39:19-59
53        android:required="false" />
53-->src/main/AndroidManifest.xml:39:60-84
54    <uses-feature
54-->src/main/AndroidManifest.xml:40:5-91
55        android:name="android.hardware.location.gps"
55-->src/main/AndroidManifest.xml:40:19-63
56        android:required="false" />
56-->src/main/AndroidManifest.xml:40:64-88
57
58    <permission
58-->[androidx.core:core:1.13.1] AndroidManifest.xml:22:5-24:47
59        android:name="com.omniscan.app.DYNAMIC_RECEIVER_NOT_EXPORTED_PERMISSION"
59-->[androidx.core:core:1.13.1] AndroidManifest.xml:23:9-81
60        android:protectionLevel="signature" />
60-->[androidx.core:core:1.13.1] AndroidManifest.xml:24:9-44
61
62    <uses-permission android:name="com.omniscan.app.DYNAMIC_RECEIVER_NOT_EXPORTED_PERMISSION" />
62-->[androidx.core:core:1.13.1] AndroidManifest.xml:26:5-97
62-->[androidx.core:core:1.13.1] AndroidManifest.xml:26:22-94
63
64    <application
64-->src/main/AndroidManifest.xml:42:5-61:19
65        android:allowBackup="true"
65-->src/main/AndroidManifest.xml:43:9-35
66        android:appComponentFactory="androidx.core.app.CoreComponentFactory"
66-->[androidx.core:core:1.13.1] AndroidManifest.xml:28:18-86
67        android:debuggable="true"
68        android:extractNativeLibs="false"
69        android:icon="@mipmap/ic_launcher"
69-->src/main/AndroidManifest.xml:44:9-43
70        android:label="@string/app_name"
70-->src/main/AndroidManifest.xml:45:9-41
71        android:roundIcon="@mipmap/ic_launcher"
71-->src/main/AndroidManifest.xml:46:9-48
72        android:supportsRtl="true"
72-->src/main/AndroidManifest.xml:47:9-35
73        android:theme="@style/Theme.OmniScan" >
73-->src/main/AndroidManifest.xml:48:9-46
74        <activity
74-->src/main/AndroidManifest.xml:50:9-60:20
75            android:name="com.omniscan.app.MainActivity"
75-->src/main/AndroidManifest.xml:51:13-41
76            android:exported="true"
76-->src/main/AndroidManifest.xml:52:13-36
77            android:label="@string/app_name"
77-->src/main/AndroidManifest.xml:53:13-45
78            android:launchMode="singleTop"
78-->src/main/AndroidManifest.xml:54:13-43
79            android:theme="@style/Theme.OmniScan" >
79-->src/main/AndroidManifest.xml:55:13-50
80            <intent-filter>
80-->src/main/AndroidManifest.xml:56:13-59:29
81                <action android:name="android.intent.action.MAIN" />
81-->src/main/AndroidManifest.xml:57:17-69
81-->src/main/AndroidManifest.xml:57:25-66
82
83                <category android:name="android.intent.category.LAUNCHER" />
83-->src/main/AndroidManifest.xml:58:17-77
83-->src/main/AndroidManifest.xml:58:27-74
84            </intent-filter>
85        </activity>
86
87        <provider
87-->[androidx.emoji2:emoji2:1.3.0] AndroidManifest.xml:24:9-32:20
88            android:name="androidx.startup.InitializationProvider"
88-->[androidx.emoji2:emoji2:1.3.0] AndroidManifest.xml:25:13-67
89            android:authorities="com.omniscan.app.androidx-startup"
89-->[androidx.emoji2:emoji2:1.3.0] AndroidManifest.xml:26:13-68
90            android:exported="false" >
90-->[androidx.emoji2:emoji2:1.3.0] AndroidManifest.xml:27:13-37
91            <meta-data
91-->[androidx.emoji2:emoji2:1.3.0] AndroidManifest.xml:29:13-31:52
92                android:name="androidx.emoji2.text.EmojiCompatInitializer"
92-->[androidx.emoji2:emoji2:1.3.0] AndroidManifest.xml:30:17-75
93                android:value="androidx.startup" />
93-->[androidx.emoji2:emoji2:1.3.0] AndroidManifest.xml:31:17-49
94            <meta-data
94-->[androidx.lifecycle:lifecycle-process:2.8.3] AndroidManifest.xml:29:13-31:52
95                android:name="androidx.lifecycle.ProcessLifecycleInitializer"
95-->[androidx.lifecycle:lifecycle-process:2.8.3] AndroidManifest.xml:30:17-78
96                android:value="androidx.startup" />
96-->[androidx.lifecycle:lifecycle-process:2.8.3] AndroidManifest.xml:31:17-49
97            <meta-data
97-->[androidx.profileinstaller:profileinstaller:1.3.1] AndroidManifest.xml:29:13-31:52
98                android:name="androidx.profileinstaller.ProfileInstallerInitializer"
98-->[androidx.profileinstaller:profileinstaller:1.3.1] AndroidManifest.xml:30:17-85
99                android:value="androidx.startup" />
99-->[androidx.profileinstaller:profileinstaller:1.3.1] AndroidManifest.xml:31:17-49
100        </provider>
101
102        <receiver
102-->[androidx.profileinstaller:profileinstaller:1.3.1] AndroidManifest.xml:34:9-52:20
103            android:name="androidx.profileinstaller.ProfileInstallReceiver"
103-->[androidx.profileinstaller:profileinstaller:1.3.1] AndroidManifest.xml:35:13-76
104            android:directBootAware="false"
104-->[androidx.profileinstaller:profileinstaller:1.3.1] AndroidManifest.xml:36:13-44
105            android:enabled="true"
105-->[androidx.profileinstaller:profileinstaller:1.3.1] AndroidManifest.xml:37:13-35
106            android:exported="true"
106-->[androidx.profileinstaller:profileinstaller:1.3.1] AndroidManifest.xml:38:13-36
107            android:permission="android.permission.DUMP" >
107-->[androidx.profileinstaller:profileinstaller:1.3.1] AndroidManifest.xml:39:13-57
108            <intent-filter>
108-->[androidx.profileinstaller:profileinstaller:1.3.1] AndroidManifest.xml:40:13-42:29
109                <action android:name="androidx.profileinstaller.action.INSTALL_PROFILE" />
109-->[androidx.profileinstaller:profileinstaller:1.3.1] AndroidManifest.xml:41:17-91
109-->[androidx.profileinstaller:profileinstaller:1.3.1] AndroidManifest.xml:41:25-88
110            </intent-filter>
111            <intent-filter>
111-->[androidx.profileinstaller:profileinstaller:1.3.1] AndroidManifest.xml:43:13-45:29
112                <action android:name="androidx.profileinstaller.action.SKIP_FILE" />
112-->[androidx.profileinstaller:profileinstaller:1.3.1] AndroidManifest.xml:44:17-85
112-->[androidx.profileinstaller:profileinstaller:1.3.1] AndroidManifest.xml:44:25-82
113            </intent-filter>
114            <intent-filter>
114-->[androidx.profileinstaller:profileinstaller:1.3.1] AndroidManifest.xml:46:13-48:29
115                <action android:name="androidx.profileinstaller.action.SAVE_PROFILE" />
115-->[androidx.profileinstaller:profileinstaller:1.3.1] AndroidManifest.xml:47:17-88
115-->[androidx.profileinstaller:profileinstaller:1.3.1] AndroidManifest.xml:47:25-85
116            </intent-filter>
117            <intent-filter>
117-->[androidx.profileinstaller:profileinstaller:1.3.1] AndroidManifest.xml:49:13-51:29
118                <action android:name="androidx.profileinstaller.action.BENCHMARK_OPERATION" />
118-->[androidx.profileinstaller:profileinstaller:1.3.1] AndroidManifest.xml:50:17-95
118-->[androidx.profileinstaller:profileinstaller:1.3.1] AndroidManifest.xml:50:25-92
119            </intent-filter>
120        </receiver>
121    </application>
122
123</manifest>